<?xml version="1.0" encoding="UTF-8"?>
<testsuites name="FB" time="115.173" tests="2" failures="0" errors="0">
   <testsuite name="FB" tests="2" failures="0" errors="0" time="115.173" timestamp="2020-06-20 13:37:02" hostname="admin - localhost" id="Test Suites/FB">
      <properties>
         <property name="deviceName" value=""/>
         <property name="devicePlatform" value=""/>
         <property name="logFolder" value="/Users/admin/Desktop/Katalon/katalon-start/Reports/20200620_133659/FB/20200620_133659"/>
         <property name="logFiles" value="/Users/admin/Desktop/Katalon/katalon-start/Reports/20200620_133659/FB/20200620_133659/execution0.log"/>
         <property name="attachments" value=""/>
         <property name="hostName" value="admin - localhost"/>
         <property name="os" value="Mac OS X 64bit"/>
         <property name="katalonVersion" value="7.5.5.1"/>
         <property name="browser" value="Firefox 77.0"/>
         <property name="hostAddress" value="127.0.0.1"/>
         <property name="sessionId" value="ceb27c8a-8ae8-f34a-a696-77c9ae0df8e9"/>
         <property name="seleniumVersion" value="3.141.59"/>
         <property name="proxyInformation" value="ProxyInformation { proxyOption=NO_PROXY, proxyServerType=HTTP, username=, password=********, proxyServerAddress=, proxyServerPort=0, executionList=\&quot;\&quot;, isApplyToDesiredCapabilities=true }"/>
         <property name="platform" value="Mac OS X"/>
      </properties>
      <testcase name="Test Cases/Facebook" time="60.604" classname="Test Cases/Facebook" status="PASSED">
         <system-out><![CDATA[2020-06-20 13:37:03 - [TEST_CASE][PASSED] - Test Cases/Facebook: Test Cases/Facebook

2020-06-20 13:37:03 - [TEST_STEP][PASSED] - openBrowser(""): Browser is opened with url: ''

2020-06-20 13:37:04 - [MESSAGE][INFO] - Starting 'Firefox' driver

2020-06-20 13:37:04 - [MESSAGE][INFO] - Action delay is set to 0 milliseconds

2020-06-20 13:37:09 - [MESSAGE][PASSED] - Browser is opened with url: ''

2020-06-20 13:37:09 - [TEST_STEP][PASSED] - navigateToUrl("https://www.facebook.com/360Fin"): Navigate to 'https://www.facebook.com/360Fin' successfully

2020-06-20 13:37:15 - [MESSAGE][PASSED] - Navigate to 'https://www.facebook.com/360Fin' successfully

2020-06-20 13:37:15 - [TEST_STEP][PASSED] - setText(findTestObject("Page_360F - Trang ch  Facebook/input_Mt khu_email"), email): Text 'f3aqa.facebok.toborrobot@gmail.com' is set on object 'Object Repository/Page_360F - Trang ch  Facebook/input_Mt khu_email'

2020-06-20 13:37:16 - [MESSAGE][PASSED] - Text 'f3aqa.facebok.toborrobot@gmail.com' is set on object 'Object Repository/Page_360F - Trang ch  Facebook/input_Mt khu_email'

2020-06-20 13:37:16 - [TEST_STEP][PASSED] - setText(findTestObject("Page_360F - Trang ch  Facebook/input_Mt khu_pass"), password): Text 'toborrobot@2020' is set on object 'Object Repository/Page_360F - Trang ch  Facebook/input_Mt khu_pass'

2020-06-20 13:37:17 - [MESSAGE][PASSED] - Text 'toborrobot@2020' is set on object 'Object Repository/Page_360F - Trang ch  Facebook/input_Mt khu_pass'

2020-06-20 13:37:17 - [TEST_STEP][PASSED] - click(findTestObject("Object Repository/Page_360F - Trang ch  Facebook/input_Mt khu_u_0_3")): Object: 'Object Repository/Page_360F - Trang ch  Facebook/input_Mt khu_u_0_3' is clicked on

2020-06-20 13:37:24 - [MESSAGE][PASSED] - Object: 'Object Repository/Page_360F - Trang ch  Facebook/input_Mt khu_u_0_3' is clicked on

2020-06-20 13:37:24 - [TEST_STEP][PASSED] - click(findTestObject("Object Repository/Page_360F - Trang ch/button_Thch")): Object: 'Object Repository/Page_360F - Trang ch/button_Thch' is clicked on

2020-06-20 13:37:55 - [MESSAGE][PASSED] - Object: 'Object Repository/Page_360F - Trang ch/button_Thch' is clicked on

2020-06-20 13:37:55 - [TEST_STEP][PASSED] - delay(3): Delayed 3 second(s)

2020-06-20 13:37:58 - [MESSAGE][PASSED] - Delayed 3 second(s)

2020-06-20 13:37:58 - [TEST_STEP][PASSED] - closeBrowser(): Browser is closed

2020-06-20 13:38:03 - [MESSAGE][PASSED] - Browser is closed]]></system-out>
         <system-err><![CDATA[]]></system-err>
      </testcase>
      <testcase name="Test Cases/Facebook" time="53.833" classname="Test Cases/Facebook" status="PASSED">
         <system-out><![CDATA[2020-06-20 13:38:03 - [TEST_CASE][PASSED] - Test Cases/Facebook: Test Cases/Facebook

2020-06-20 13:38:03 - [TEST_STEP][PASSED] - openBrowser(""): Browser is opened with url: ''

2020-06-20 13:38:03 - [MESSAGE][INFO] - Starting 'Firefox' driver

2020-06-20 13:38:03 - [MESSAGE][INFO] - Action delay is set to 0 milliseconds

2020-06-20 13:38:07 - [MESSAGE][PASSED] - Browser is opened with url: ''

2020-06-20 13:38:07 - [TEST_STEP][PASSED] - navigateToUrl("https://www.facebook.com/360Fin"): Navigate to 'https://www.facebook.com/360Fin' successfully

2020-06-20 13:38:15 - [MESSAGE][PASSED] - Navigate to 'https://www.facebook.com/360Fin' successfully

2020-06-20 13:38:15 - [TEST_STEP][PASSED] - setText(findTestObject("Page_360F - Trang ch  Facebook/input_Mt khu_email"), email): Text 'f3aqa.facebook.yamiougnnguoimay@gmail.com' is set on object 'Object Repository/Page_360F - Trang ch  Facebook/input_Mt khu_email'

2020-06-20 13:38:16 - [MESSAGE][PASSED] - Text 'f3aqa.facebook.yamiougnnguoimay@gmail.com' is set on object 'Object Repository/Page_360F - Trang ch  Facebook/input_Mt khu_email'

2020-06-20 13:38:16 - [TEST_STEP][PASSED] - setText(findTestObject("Page_360F - Trang ch  Facebook/input_Mt khu_pass"), password): Text 'toborrobot@2020' is set on object 'Object Repository/Page_360F - Trang ch  Facebook/input_Mt khu_pass'

2020-06-20 13:38:17 - [MESSAGE][PASSED] - Text 'toborrobot@2020' is set on object 'Object Repository/Page_360F - Trang ch  Facebook/input_Mt khu_pass'

2020-06-20 13:38:17 - [TEST_STEP][PASSED] - click(findTestObject("Object Repository/Page_360F - Trang ch  Facebook/input_Mt khu_u_0_3")): Object: 'Object Repository/Page_360F - Trang ch  Facebook/input_Mt khu_u_0_3' is clicked on

2020-06-20 13:38:23 - [MESSAGE][PASSED] - Object: 'Object Repository/Page_360F - Trang ch  Facebook/input_Mt khu_u_0_3' is clicked on

2020-06-20 13:38:23 - [TEST_STEP][PASSED] - click(findTestObject("Object Repository/Page_360F - Trang ch/button_Thch")): Object: 'Object Repository/Page_360F - Trang ch/button_Thch' is clicked on

2020-06-20 13:38:53 - [MESSAGE][PASSED] - Object: 'Object Repository/Page_360F - Trang ch/button_Thch' is clicked on

2020-06-20 13:38:53 - [TEST_STEP][PASSED] - delay(3): Delayed 3 second(s)

2020-06-20 13:38:56 - [MESSAGE][PASSED] - Delayed 3 second(s)

2020-06-20 13:38:56 - [TEST_STEP][PASSED] - closeBrowser(): Browser is closed

2020-06-20 13:38:57 - [MESSAGE][PASSED] - Browser is closed]]></system-out>
         <system-err><![CDATA[]]></system-err>
      </testcase>
      <system-out><![CDATA[2020-06-20 13:37:02 - [TEST_SUITE][PASSED] - FB: Test Cases/Facebook]]></system-out>
      <system-err><![CDATA[]]></system-err>
   </testsuite>
</testsuites>
