<?xml version="1.0" encoding="UTF-8"?>
<testsuites name="test 1" time="28.847" tests="3" failures="0" errors="0">
   <testsuite name="test 1" tests="3" failures="0" errors="0" time="28.847" timestamp="2020-06-19 00:09:51" hostname="admin - localhost" id="Test Suites/test 1">
      <properties>
         <property name="deviceName" value=""/>
         <property name="devicePlatform" value=""/>
         <property name="logFolder" value="/Users/admin/Desktop/Katalon/katalon-start/Reports/20200619_000948/test 1/20200619_000948"/>
         <property name="logFiles" value="/Users/admin/Desktop/Katalon/katalon-start/Reports/20200619_000948/test 1/20200619_000948/execution0.log"/>
         <property name="attachments" value=""/>
         <property name="hostName" value="admin - localhost"/>
         <property name="os" value="Mac OS X 64bit"/>
         <property name="katalonVersion" value="7.5.5.1"/>
         <property name="browser" value="Firefox 77.0"/>
         <property name="hostAddress" value="127.0.0.1"/>
         <property name="sessionId" value="8edf94f1-a439-d24b-8197-af054acf1d69"/>
         <property name="seleniumVersion" value="3.141.59"/>
         <property name="proxyInformation" value="ProxyInformation { proxyOption=NO_PROXY, proxyServerType=HTTP, username=, password=********, proxyServerAddress=, proxyServerPort=0, executionList=\&quot;\&quot;, isApplyToDesiredCapabilities=true }"/>
         <property name="platform" value="Mac OS X"/>
      </properties>
      <testcase name="Test Cases/GG search" time="9.245" classname="Test Cases/GG search" status="PASSED">
         <system-out><![CDATA[2020-06-19 00:09:52 - [TEST_CASE][PASSED] - Test Cases/GG search: Test Cases/GG search

2020-06-19 00:09:52 - [TEST_STEP][PASSED] - openBrowser(""): Browser is opened with url: ''

2020-06-19 00:09:53 - [MESSAGE][INFO] - Starting 'Firefox' driver

2020-06-19 00:09:53 - [MESSAGE][INFO] - Action delay is set to 0 milliseconds

2020-06-19 00:09:57 - [MESSAGE][PASSED] - Browser is opened with url: ''

2020-06-19 00:09:57 - [TEST_STEP][PASSED] - navigateToUrl("https://www.google.com/"): Navigate to 'https://www.google.com/' successfully

2020-06-19 00:10:00 - [MESSAGE][PASSED] - Navigate to 'https://www.google.com/' successfully

2020-06-19 00:10:00 - [TEST_STEP][PASSED] - setText(findTestObject("Page_Google/input_ng nhp_q"), search_key): Text '1' is set on object 'Object Repository/Page_Google/input_ng nhp_q'

2020-06-19 00:10:00 - [MESSAGE][PASSED] - Text '1' is set on object 'Object Repository/Page_Google/input_ng nhp_q'

2020-06-19 00:10:00 - [TEST_STEP][PASSED] - sendKeys(findTestObject("Page_Google/input_ng nhp_q"), Keys.chord(ENTER)): Keys 'ENTER + ' sent to object: 'Object Repository/Page_Google/input_ng nhp_q'

2020-06-19 00:10:01 - [MESSAGE][PASSED] - Keys 'ENTER + ' sent to object: 'Object Repository/Page_Google/input_ng nhp_q']]></system-out>
         <system-err><![CDATA[]]></system-err>
      </testcase>
      <testcase name="Test Cases/GG search" time="8.86" classname="Test Cases/GG search" status="PASSED">
         <system-out><![CDATA[2020-06-19 00:10:01 - [TEST_CASE][PASSED] - Test Cases/GG search: Test Cases/GG search

2020-06-19 00:10:01 - [TEST_STEP][PASSED] - openBrowser(""): Browser is opened with url: ''

2020-06-19 00:10:01 - [MESSAGE][WARNING] - A browser is already opened. Closing browser and opening a new one

2020-06-19 00:10:04 - [MESSAGE][INFO] - Starting 'Firefox' driver

2020-06-19 00:10:04 - [MESSAGE][INFO] - Action delay is set to 0 milliseconds

2020-06-19 00:10:07 - [MESSAGE][PASSED] - Browser is opened with url: ''

2020-06-19 00:10:07 - [TEST_STEP][PASSED] - navigateToUrl("https://www.google.com/"): Navigate to 'https://www.google.com/' successfully

2020-06-19 00:10:09 - [MESSAGE][PASSED] - Navigate to 'https://www.google.com/' successfully

2020-06-19 00:10:09 - [TEST_STEP][PASSED] - setText(findTestObject("Page_Google/input_ng nhp_q"), search_key): Text '2' is set on object 'Object Repository/Page_Google/input_ng nhp_q'

2020-06-19 00:10:09 - [MESSAGE][PASSED] - Text '2' is set on object 'Object Repository/Page_Google/input_ng nhp_q'

2020-06-19 00:10:09 - [TEST_STEP][PASSED] - sendKeys(findTestObject("Page_Google/input_ng nhp_q"), Keys.chord(ENTER)): Keys 'ENTER + ' sent to object: 'Object Repository/Page_Google/input_ng nhp_q'

2020-06-19 00:10:10 - [MESSAGE][PASSED] - Keys 'ENTER + ' sent to object: 'Object Repository/Page_Google/input_ng nhp_q']]></system-out>
         <system-err><![CDATA[]]></system-err>
      </testcase>
      <testcase name="Test Cases/GG search" time="7.619" classname="Test Cases/GG search" status="PASSED">
         <system-out><![CDATA[2020-06-19 00:10:10 - [TEST_CASE][PASSED] - Test Cases/GG search: Test Cases/GG search

2020-06-19 00:10:10 - [TEST_STEP][PASSED] - openBrowser(""): Browser is opened with url: ''

2020-06-19 00:10:10 - [MESSAGE][WARNING] - A browser is already opened. Closing browser and opening a new one

2020-06-19 00:10:12 - [MESSAGE][INFO] - Starting 'Firefox' driver

2020-06-19 00:10:12 - [MESSAGE][INFO] - Action delay is set to 0 milliseconds

2020-06-19 00:10:15 - [MESSAGE][PASSED] - Browser is opened with url: ''

2020-06-19 00:10:15 - [TEST_STEP][PASSED] - navigateToUrl("https://www.google.com/"): Navigate to 'https://www.google.com/' successfully

2020-06-19 00:10:16 - [MESSAGE][PASSED] - Navigate to 'https://www.google.com/' successfully

2020-06-19 00:10:16 - [TEST_STEP][PASSED] - setText(findTestObject("Page_Google/input_ng nhp_q"), search_key): Text '3' is set on object 'Object Repository/Page_Google/input_ng nhp_q'

2020-06-19 00:10:17 - [MESSAGE][PASSED] - Text '3' is set on object 'Object Repository/Page_Google/input_ng nhp_q'

2020-06-19 00:10:17 - [TEST_STEP][PASSED] - sendKeys(findTestObject("Page_Google/input_ng nhp_q"), Keys.chord(ENTER)): Keys 'ENTER + ' sent to object: 'Object Repository/Page_Google/input_ng nhp_q'

2020-06-19 00:10:18 - [MESSAGE][PASSED] - Keys 'ENTER + ' sent to object: 'Object Repository/Page_Google/input_ng nhp_q']]></system-out>
         <system-err><![CDATA[]]></system-err>
      </testcase>
      <system-out><![CDATA[2020-06-19 00:09:51 - [TEST_SUITE][PASSED] - test 1: Test Cases/GG search]]></system-out>
      <system-err><![CDATA[]]></system-err>
   </testsuite>
</testsuites>
