<?xml version="1.0" encoding="UTF-8"?>
<testsuites name="test 1" time="28.483" tests="3" failures="0" errors="0">
   <testsuite name="test 1" tests="3" failures="0" errors="0" time="28.483" timestamp="2020-06-19 00:11:07" hostname="admin - localhost" id="Test Suites/test 1">
      <properties>
         <property name="deviceName" value=""/>
         <property name="devicePlatform" value=""/>
         <property name="logFolder" value="/Users/admin/Desktop/Katalon/katalon-start/Reports/20200619_001104/test 1/20200619_001104"/>
         <property name="logFiles" value="/Users/admin/Desktop/Katalon/katalon-start/Reports/20200619_001104/test 1/20200619_001104/execution0.log"/>
         <property name="attachments" value=""/>
         <property name="hostName" value="admin - localhost"/>
         <property name="os" value="Mac OS X 64bit"/>
         <property name="katalonVersion" value="7.5.5.1"/>
         <property name="browser" value="Firefox 77.0"/>
         <property name="hostAddress" value="127.0.0.1"/>
         <property name="sessionId" value="2e40d99d-194a-aa4e-adc9-02b79328cda2"/>
         <property name="seleniumVersion" value="3.141.59"/>
         <property name="proxyInformation" value="ProxyInformation { proxyOption=NO_PROXY, proxyServerType=HTTP, username=, password=********, proxyServerAddress=, proxyServerPort=0, executionList=\&quot;\&quot;, isApplyToDesiredCapabilities=true }"/>
         <property name="platform" value="Mac OS X"/>
      </properties>
      <testcase name="Test Cases/GG search" time="8.342" classname="Test Cases/GG search" status="PASSED">
         <system-out><![CDATA[2020-06-19 00:11:07 - [TEST_CASE][PASSED] - Test Cases/GG search: Test Cases/GG search

2020-06-19 00:11:08 - [TEST_STEP][PASSED] - openBrowser(""): Browser is opened with url: ''

2020-06-19 00:11:08 - [MESSAGE][INFO] - Starting 'Firefox' driver

2020-06-19 00:11:08 - [MESSAGE][INFO] - Action delay is set to 0 milliseconds

2020-06-19 00:11:12 - [MESSAGE][PASSED] - Browser is opened with url: ''

2020-06-19 00:11:12 - [TEST_STEP][PASSED] - navigateToUrl("https://www.google.com/"): Navigate to 'https://www.google.com/' successfully

2020-06-19 00:11:14 - [MESSAGE][PASSED] - Navigate to 'https://www.google.com/' successfully

2020-06-19 00:11:14 - [TEST_STEP][PASSED] - setText(findTestObject("Page_Google/input_ng nhp_q"), search_key): Text '1' is set on object 'Object Repository/Page_Google/input_ng nhp_q'

2020-06-19 00:11:15 - [MESSAGE][PASSED] - Text '1' is set on object 'Object Repository/Page_Google/input_ng nhp_q'

2020-06-19 00:11:15 - [TEST_STEP][PASSED] - sendKeys(findTestObject("Page_Google/input_ng nhp_q"), Keys.chord(RETURN)): Keys 'RETURN + ' sent to object: 'Object Repository/Page_Google/input_ng nhp_q'

2020-06-19 00:11:15 - [MESSAGE][PASSED] - Keys 'RETURN + ' sent to object: 'Object Repository/Page_Google/input_ng nhp_q']]></system-out>
         <system-err><![CDATA[]]></system-err>
      </testcase>
      <testcase name="Test Cases/GG search" time="7.77" classname="Test Cases/GG search" status="PASSED">
         <system-out><![CDATA[2020-06-19 00:11:15 - [TEST_CASE][PASSED] - Test Cases/GG search: Test Cases/GG search

2020-06-19 00:11:15 - [TEST_STEP][PASSED] - openBrowser(""): Browser is opened with url: ''

2020-06-19 00:11:15 - [MESSAGE][WARNING] - A browser is already opened. Closing browser and opening a new one

2020-06-19 00:11:17 - [MESSAGE][INFO] - Starting 'Firefox' driver

2020-06-19 00:11:17 - [MESSAGE][INFO] - Action delay is set to 0 milliseconds

2020-06-19 00:11:20 - [MESSAGE][PASSED] - Browser is opened with url: ''

2020-06-19 00:11:20 - [TEST_STEP][PASSED] - navigateToUrl("https://www.google.com/"): Navigate to 'https://www.google.com/' successfully

2020-06-19 00:11:22 - [MESSAGE][PASSED] - Navigate to 'https://www.google.com/' successfully

2020-06-19 00:11:22 - [TEST_STEP][PASSED] - setText(findTestObject("Page_Google/input_ng nhp_q"), search_key): Text '2' is set on object 'Object Repository/Page_Google/input_ng nhp_q'

2020-06-19 00:11:23 - [MESSAGE][PASSED] - Text '2' is set on object 'Object Repository/Page_Google/input_ng nhp_q'

2020-06-19 00:11:23 - [TEST_STEP][PASSED] - sendKeys(findTestObject("Page_Google/input_ng nhp_q"), Keys.chord(RETURN)): Keys 'RETURN + ' sent to object: 'Object Repository/Page_Google/input_ng nhp_q'

2020-06-19 00:11:23 - [MESSAGE][PASSED] - Keys 'RETURN + ' sent to object: 'Object Repository/Page_Google/input_ng nhp_q']]></system-out>
         <system-err><![CDATA[]]></system-err>
      </testcase>
      <testcase name="Test Cases/GG search" time="8.264" classname="Test Cases/GG search" status="PASSED">
         <system-out><![CDATA[2020-06-19 00:11:23 - [TEST_CASE][PASSED] - Test Cases/GG search: Test Cases/GG search

2020-06-19 00:11:23 - [TEST_STEP][PASSED] - openBrowser(""): Browser is opened with url: ''

2020-06-19 00:11:23 - [MESSAGE][WARNING] - A browser is already opened. Closing browser and opening a new one

2020-06-19 00:11:26 - [MESSAGE][INFO] - Starting 'Firefox' driver

2020-06-19 00:11:26 - [MESSAGE][INFO] - Action delay is set to 0 milliseconds

2020-06-19 00:11:28 - [MESSAGE][PASSED] - Browser is opened with url: ''

2020-06-19 00:11:28 - [TEST_STEP][PASSED] - navigateToUrl("https://www.google.com/"): Navigate to 'https://www.google.com/' successfully

2020-06-19 00:11:30 - [MESSAGE][PASSED] - Navigate to 'https://www.google.com/' successfully

2020-06-19 00:11:30 - [TEST_STEP][PASSED] - setText(findTestObject("Page_Google/input_ng nhp_q"), search_key): Text '3' is set on object 'Object Repository/Page_Google/input_ng nhp_q'

2020-06-19 00:11:31 - [MESSAGE][PASSED] - Text '3' is set on object 'Object Repository/Page_Google/input_ng nhp_q'

2020-06-19 00:11:31 - [TEST_STEP][PASSED] - sendKeys(findTestObject("Page_Google/input_ng nhp_q"), Keys.chord(RETURN)): Keys 'RETURN + ' sent to object: 'Object Repository/Page_Google/input_ng nhp_q'

2020-06-19 00:11:31 - [MESSAGE][PASSED] - Keys 'RETURN + ' sent to object: 'Object Repository/Page_Google/input_ng nhp_q']]></system-out>
         <system-err><![CDATA[]]></system-err>
      </testcase>
      <system-out><![CDATA[2020-06-19 00:11:07 - [TEST_SUITE][PASSED] - test 1: Test Cases/GG search]]></system-out>
      <system-err><![CDATA[]]></system-err>
   </testsuite>
</testsuites>
