<?xml version="1.0" encoding="UTF-8"?>
<testsuites name="FB" time="103.596" tests="2" failures="0" errors="0">
   <testsuite name="FB" tests="2" failures="0" errors="0" time="103.596" timestamp="2020-06-20 13:27:41" hostname="admin - localhost" id="Test Suites/FB">
      <properties>
         <property name="deviceName" value=""/>
         <property name="devicePlatform" value=""/>
         <property name="logFolder" value="/Users/admin/Desktop/Katalon/katalon-start/Reports/20200620_132738/FB/20200620_132738"/>
         <property name="logFiles" value="/Users/admin/Desktop/Katalon/katalon-start/Reports/20200620_132738/FB/20200620_132738/execution0.log"/>
         <property name="attachments" value=""/>
         <property name="hostName" value="admin - localhost"/>
         <property name="os" value="Mac OS X 64bit"/>
         <property name="katalonVersion" value="7.5.5.1"/>
         <property name="browser" value="Firefox 77.0"/>
         <property name="hostAddress" value="127.0.0.1"/>
         <property name="sessionId" value="c1d9d0f6-1fbf-0844-be94-721f93b6b5e5"/>
         <property name="seleniumVersion" value="3.141.59"/>
         <property name="proxyInformation" value="ProxyInformation { proxyOption=NO_PROXY, proxyServerType=HTTP, username=, password=********, proxyServerAddress=, proxyServerPort=0, executionList=\&quot;\&quot;, isApplyToDesiredCapabilities=true }"/>
         <property name="platform" value="Mac OS X"/>
      </properties>
      <testcase name="Test Cases/Facebook" time="53.183" classname="Test Cases/Facebook" status="PASSED">
         <system-out><![CDATA[2020-06-20 13:27:41 - [TEST_CASE][PASSED] - Test Cases/Facebook: Test Cases/Facebook

2020-06-20 13:27:42 - [TEST_STEP][PASSED] - openBrowser(""): Browser is opened with url: ''

2020-06-20 13:27:42 - [MESSAGE][INFO] - Starting 'Firefox' driver

2020-06-20 13:27:42 - [MESSAGE][INFO] - Action delay is set to 0 milliseconds

2020-06-20 13:27:46 - [MESSAGE][PASSED] - Browser is opened with url: ''

2020-06-20 13:27:46 - [TEST_STEP][PASSED] - navigateToUrl("https://www.facebook.com/360Fin"): Navigate to 'https://www.facebook.com/360Fin' successfully

2020-06-20 13:27:51 - [MESSAGE][PASSED] - Navigate to 'https://www.facebook.com/360Fin' successfully

2020-06-20 13:27:51 - [TEST_STEP][PASSED] - setText(findTestObject("Page_360F - Trang ch  Facebook/input_Mt khu_email"), email): Text 'f3aqa.facebok.toborrobot@gmail.com' is set on object 'Object Repository/Page_360F - Trang ch  Facebook/input_Mt khu_email'

2020-06-20 13:27:53 - [MESSAGE][PASSED] - Text 'f3aqa.facebok.toborrobot@gmail.com' is set on object 'Object Repository/Page_360F - Trang ch  Facebook/input_Mt khu_email'

2020-06-20 13:27:53 - [TEST_STEP][PASSED] - setText(findTestObject("Page_360F - Trang ch  Facebook/input_Mt khu_pass"), password): Text 'toborrobot@2020' is set on object 'Object Repository/Page_360F - Trang ch  Facebook/input_Mt khu_pass'

2020-06-20 13:27:53 - [MESSAGE][PASSED] - Text 'toborrobot@2020' is set on object 'Object Repository/Page_360F - Trang ch  Facebook/input_Mt khu_pass'

2020-06-20 13:27:53 - [TEST_STEP][PASSED] - click(findTestObject("Object Repository/Page_360F - Trang ch  Facebook/input_Mt khu_u_0_3")): Object: 'Object Repository/Page_360F - Trang ch  Facebook/input_Mt khu_u_0_3' is clicked on

2020-06-20 13:28:00 - [MESSAGE][PASSED] - Object: 'Object Repository/Page_360F - Trang ch  Facebook/input_Mt khu_u_0_3' is clicked on

2020-06-20 13:28:00 - [TEST_STEP][PASSED] - click(findTestObject("Object Repository/Page_360F - Trang ch/button_Thch")): Object: 'Object Repository/Page_360F - Trang ch/button_Thch' is clicked on

2020-06-20 13:28:31 - [MESSAGE][PASSED] - Object: 'Object Repository/Page_360F - Trang ch/button_Thch' is clicked on

2020-06-20 13:28:31 - [TEST_STEP][PASSED] - delay(3): Delayed 3 second(s)

2020-06-20 13:28:34 - [MESSAGE][PASSED] - Delayed 3 second(s)

2020-06-20 13:28:34 - [TEST_STEP][PASSED] - closeBrowser(): Browser is closed

2020-06-20 13:28:35 - [MESSAGE][PASSED] - Browser is closed]]></system-out>
         <system-err><![CDATA[]]></system-err>
      </testcase>
      <testcase name="Test Cases/Facebook" time="49.79" classname="Test Cases/Facebook" status="PASSED">
         <system-out><![CDATA[2020-06-20 13:28:35 - [TEST_CASE][PASSED] - Test Cases/Facebook: Test Cases/Facebook

2020-06-20 13:28:35 - [TEST_STEP][PASSED] - openBrowser(""): Browser is opened with url: ''

2020-06-20 13:28:35 - [MESSAGE][INFO] - Starting 'Firefox' driver

2020-06-20 13:28:35 - [MESSAGE][INFO] - Action delay is set to 0 milliseconds

2020-06-20 13:28:38 - [MESSAGE][PASSED] - Browser is opened with url: ''

2020-06-20 13:28:38 - [TEST_STEP][PASSED] - navigateToUrl("https://www.facebook.com/360Fin"): Navigate to 'https://www.facebook.com/360Fin' successfully

2020-06-20 13:28:42 - [MESSAGE][PASSED] - Navigate to 'https://www.facebook.com/360Fin' successfully

2020-06-20 13:28:42 - [TEST_STEP][PASSED] - setText(findTestObject("Page_360F - Trang ch  Facebook/input_Mt khu_email"), email): Text 'f3aqa.facebook.yamiougnnguoimay@gmail.com' is set on object 'Object Repository/Page_360F - Trang ch  Facebook/input_Mt khu_email'

2020-06-20 13:28:43 - [MESSAGE][PASSED] - Text 'f3aqa.facebook.yamiougnnguoimay@gmail.com' is set on object 'Object Repository/Page_360F - Trang ch  Facebook/input_Mt khu_email'

2020-06-20 13:28:43 - [TEST_STEP][PASSED] - setText(findTestObject("Page_360F - Trang ch  Facebook/input_Mt khu_pass"), password): Text 'toborrobot@2020' is set on object 'Object Repository/Page_360F - Trang ch  Facebook/input_Mt khu_pass'

2020-06-20 13:28:44 - [MESSAGE][PASSED] - Text 'toborrobot@2020' is set on object 'Object Repository/Page_360F - Trang ch  Facebook/input_Mt khu_pass'

2020-06-20 13:28:44 - [TEST_STEP][PASSED] - click(findTestObject("Object Repository/Page_360F - Trang ch  Facebook/input_Mt khu_u_0_3")): Object: 'Object Repository/Page_360F - Trang ch  Facebook/input_Mt khu_u_0_3' is clicked on

2020-06-20 13:28:50 - [MESSAGE][PASSED] - Object: 'Object Repository/Page_360F - Trang ch  Facebook/input_Mt khu_u_0_3' is clicked on

2020-06-20 13:28:50 - [TEST_STEP][PASSED] - click(findTestObject("Object Repository/Page_360F - Trang ch/button_Thch")): Object: 'Object Repository/Page_360F - Trang ch/button_Thch' is clicked on

2020-06-20 13:29:21 - [MESSAGE][PASSED] - Object: 'Object Repository/Page_360F - Trang ch/button_Thch' is clicked on

2020-06-20 13:29:21 - [TEST_STEP][PASSED] - delay(3): Delayed 3 second(s)

2020-06-20 13:29:24 - [MESSAGE][PASSED] - Delayed 3 second(s)

2020-06-20 13:29:24 - [TEST_STEP][PASSED] - closeBrowser(): Browser is closed

2020-06-20 13:29:24 - [MESSAGE][PASSED] - Browser is closed]]></system-out>
         <system-err><![CDATA[]]></system-err>
      </testcase>
      <system-out><![CDATA[2020-06-20 13:27:41 - [TEST_SUITE][PASSED] - FB: Test Cases/Facebook]]></system-out>
      <system-err><![CDATA[]]></system-err>
   </testsuite>
</testsuites>
